0 info it worked if it ends with ok
1 verbose cli [ '/usr/local/n/versions/node/7.4.0/bin/node',
1 verbose cli   '/usr/local/bin/npm',
1 verbose cli   'start' ]
2 info using npm@4.0.5
3 info using node@v7.4.0
4 verbose run-script [ 'prestart', 'start', 'poststart' ]
5 info lifecycle acme_users_managers@1.0.0~prestart: acme_users_managers@1.0.0
6 silly lifecycle acme_users_managers@1.0.0~prestart: no script for prestart, continuing
7 info lifecycle acme_users_managers@1.0.0~start: acme_users_managers@1.0.0
8 verbose lifecycle acme_users_managers@1.0.0~start: unsafe-perm in lifecycle true
9 verbose lifecycle acme_users_managers@1.0.0~start: PATH: /usr/local/lib/node_modules/npm/bin/node-gyp-bin:/home/richard/Documents/fullstack_academy/semester1/weekend_projects/acme_users_managers/node_modules/.bin:/usr/local/sbin:/usr/local/bin:/usr/sbin:/usr/bin:/sbin:/bin:/usr/games:/usr/local/games:/snap/bin
10 verbose lifecycle acme_users_managers@1.0.0~start: CWD: /home/richard/Documents/fullstack_academy/semester1/weekend_projects/acme_users_managers
11 silly lifecycle acme_users_managers@1.0.0~start: Args: [ '-c',
11 silly lifecycle   'DATABASE_URL=postgres://localhost/acme_users_managers nodemon server.js & open localhost:3000' ]
12 silly lifecycle acme_users_managers@1.0.0~start: Returned: code: 1  signal: null
13 info lifecycle acme_users_managers@1.0.0~start: Failed to exec start script
14 verbose stack Error: acme_users_managers@1.0.0 start: `DATABASE_URL=postgres://localhost/acme_users_managers nodemon server.js & open localhost:3000`
14 verbose stack Exit status 1
14 verbose stack     at EventEmitter.<anonymous> (/usr/local/lib/node_modules/npm/lib/utils/lifecycle.js:279:16)
14 verbose stack     at emitTwo (events.js:106:13)
14 verbose stack     at EventEmitter.emit (events.js:191:7)
14 verbose stack     at ChildProcess.<anonymous> (/usr/local/lib/node_modules/npm/lib/utils/spawn.js:40:14)
14 verbose stack     at emitTwo (events.js:106:13)
14 verbose stack     at ChildProcess.emit (events.js:191:7)
14 verbose stack     at maybeClose (internal/child_process.js:885:16)
14 verbose stack     at Process.ChildProcess._handle.onexit (internal/child_process.js:226:5)
15 verbose pkgid acme_users_managers@1.0.0
16 verbose cwd /home/richard/Documents/fullstack_academy/semester1/weekend_projects/acme_users_managers
17 error Linux 4.4.0-66-generic
18 error argv "/usr/local/n/versions/node/7.4.0/bin/node" "/usr/local/bin/npm" "start"
19 error node v7.4.0
20 error npm  v4.0.5
21 error code ELIFECYCLE
22 error acme_users_managers@1.0.0 start: `DATABASE_URL=postgres://localhost/acme_users_managers nodemon server.js & open localhost:3000`
22 error Exit status 1
23 error Failed at the acme_users_managers@1.0.0 start script 'DATABASE_URL=postgres://localhost/acme_users_managers nodemon server.js & open localhost:3000'.
23 error Make sure you have the latest version of node.js and npm installed.
23 error If you do, this is most likely a problem with the acme_users_managers package,
23 error not with npm itself.
23 error Tell the author that this fails on your system:
23 error     DATABASE_URL=postgres://localhost/acme_users_managers nodemon server.js & open localhost:3000
23 error You can get information on how to open an issue for this project with:
23 error     npm bugs acme_users_managers
23 error Or if that isn't available, you can get their info via:
23 error     npm owner ls acme_users_managers
23 error There is likely additional logging output above.
24 verbose exit [ 1, true ]
